# JRE version: OpenJDK Runtime Environment (8.0_202-b03) (build 1.8.0_202-release-1483-b03)
# Java VM: OpenJDK 64-Bit Server VM (25.202-b03 mixed mode windows-amd64 compressed oops)
Heap:
 PSYoungGen      total 214528K, used 143658K [0x00000000e0000000, 0x00000000f0680000, 0x0000000100000000)
  eden space 193536K, 67% used [0x00000000e0000000,0x00000000e7f58ee8,0x00000000ebd00000)
  from space 20992K, 63% used [0x00000000ebd00000,0x00000000ec9f1a88,0x00000000ed180000)
  to   space 20992K, 0% used [0x00000000ef200000,0x00000000ef200000,0x00000000f0680000)
 ParOldGen       total 140288K, used 34740K [0x00000000a0000000, 0x00000000a8900000, 0x00000000e0000000)
  object space 140288K, 24% used [0x00000000a0000000,0x00000000a21ed0c0,0x00000000a8900000)
 Metaspace       used 66467K, capacity 68638K, committed 68824K, reserved 1110016K
  class space    used 8642K, capacity 9127K, committed 9216K, reserved 1048576K
GC Heap History (10 events):
Event: 7.675 GC heap before
{Heap before GC invocations=10 (full 2):
 PSYoungGen      total 167424K, used 8848K [0x00000000e0000000, 0x00000000ee980000, 0x0000000100000000)
  eden space 154112K, 0% used [0x00000000e0000000,0x00000000e0000000,0x00000000e9680000)
  from space 13312K, 66% used [0x00000000ea380000,0x00000000eac241b0,0x00000000eb080000)
  to   space 13312K, 0% used [0x00000000e9680000,0x00000000e9680000,0x00000000ea380000)
 ParOldGen       total 64000K, used 10939K [0x00000000a0000000, 0x00000000a3e80000, 0x00000000e0000000)
  object space 64000K, 17% used [0x00000000a0000000,0x00000000a0aaec40,0x00000000a3e80000)
 Metaspace       used 34617K, capacity 35256K, committed 35416K, reserved 1079296K
  class space    used 4749K, capacity 4935K, committed 4992K, reserved 1048576K
Event: 7.786 GC heap after
Heap after GC invocations=10 (full 2):
 PSYoungGen      total 167424K, used 0K [0x00000000e0000000, 0x00000000ee980000, 0x0000000100000000)
  eden space 154112K, 0% used [0x00000000e0000000,0x00000000e0000000,0x00000000e9680000)
  from space 13312K, 0% used [0x00000000ea380000,0x00000000ea380000,0x00000000eb080000)
  to   space 13312K, 0% used [0x00000000e9680000,0x00000000e9680000,0x00000000ea380000)
 ParOldGen       total 91648K, used 15678K [0x00000000a0000000, 0x00000000a5980000, 0x00000000e0000000)
  object space 91648K, 17% used [0x00000000a0000000,0x00000000a0f4f898,0x00000000a5980000)
 Metaspace       used 34613K, capacity 35244K, committed 35416K, reserved 1079296K
  class space    used 4748K, capacity 4933K, committed 4992K, reserved 1048576K
}
Event: 10.091 GC heap before
{Heap before GC invocations=11 (full 2):
 PSYoungGen      total 167424K, used 154112K [0x00000000e0000000, 0x00000000ee980000, 0x0000000100000000)
  eden space 154112K, 100% used [0x00000000e0000000,0x00000000e9680000,0x00000000e9680000)
  from space 13312K, 0% used [0x00000000ea380000,0x00000000ea380000,0x00000000eb080000)
  to   space 13312K, 0% used [0x00000000e9680000,0x00000000e9680000,0x00000000ea380000)
 ParOldGen       total 91648K, used 15678K [0x00000000a0000000, 0x00000000a5980000, 0x00000000e0000000)
  object space 91648K, 17% used [0x00000000a0000000,0x00000000a0f4f898,0x00000000a5980000)
 Metaspace       used 49207K, capacity 50338K, committed 50520K, reserved 1093632K
  class space    used 6636K, capacity 6926K, committed 7040K, reserved 1048576K
Event: 10.120 GC heap after
Heap after GC invocations=11 (full 2):
 PSYoungGen      total 167424K, used 13306K [0x00000000e0000000, 0x00000000ee280000, 0x0000000100000000)
  eden space 154112K, 0% used [0x00000000e0000000,0x00000000e0000000,0x00000000e9680000)
  from space 13312K, 99% used [0x00000000e9680000,0x00000000ea37eb80,0x00000000ea380000)
  to   space 17408K, 0% used [0x00000000ed180000,0x00000000ed180000,0x00000000ee280000)
 ParOldGen       total 91648K, used 21859K [0x00000000a0000000, 0x00000000a5980000, 0x00000000e0000000)
  object space 91648K, 23% used [0x00000000a0000000,0x00000000a1558d70,0x00000000a5980000)
 Metaspace       used 49207K, capacity 50338K, committed 50520K, reserved 1093632K
  class space    used 6636K, capacity 6926K, committed 7040K, reserved 1048576K
}
Event: 12.129 GC heap before
{Heap before GC invocations=12 (full 2):
 PSYoungGen      total 167424K, used 128805K [0x00000000e0000000, 0x00000000ee280000, 0x0000000100000000)
  eden space 154112K, 74% used [0x00000000e0000000,0x00000000e70ca8d0,0x00000000e9680000)
  from space 13312K, 99% used [0x00000000e9680000,0x00000000ea37eb80,0x00000000ea380000)
  to   space 17408K, 0% used [0x00000000ed180000,0x00000000ed180000,0x00000000ee280000)
 ParOldGen       total 91648K, used 21859K [0x00000000a0000000, 0x00000000a5980000, 0x00000000e0000000)
  object space 91648K, 23% used [0x00000000a0000000,0x00000000a1558d70,0x00000000a5980000)
 Metaspace       used 57274K, capacity 58862K, committed 59028K, reserved 1099776K
  class space    used 7798K, capacity 8200K, committed 8320K, reserved 1048576K
Event: 12.154 GC heap after
Heap after GC invocations=12 (full 2):
 PSYoungGen      total 210944K, used 17377K [0x00000000e0000000, 0x00000000ee700000, 0x0000000100000000)
  eden space 193536K, 0% used [0x00000000e0000000,0x00000000e0000000,0x00000000ebd00000)
  from space 17408K, 99% used [0x00000000ed180000,0x00000000ee2785e0,0x00000000ee280000)
  to   space 20992K, 0% used [0x00000000ebd00000,0x00000000ebd00000,0x00000000ed180000)
 ParOldGen       total 91648K, used 24993K [0x00000000a0000000, 0x00000000a5980000, 0x00000000e0000000)
  object space 91648K, 27% used [0x00000000a0000000,0x00000000a1868498,0x00000000a5980000)
 Metaspace       used 57274K, capacity 58862K, committed 59028K, reserved 1099776K
  class space    used 7798K, capacity 8200K, committed 8320K, reserved 1048576K
}
Event: 12.154 GC heap before
{Heap before GC invocations=13 (full 3):
 PSYoungGen      total 210944K, used 17377K [0x00000000e0000000, 0x00000000ee700000, 0x0000000100000000)
  eden space 193536K, 0% used [0x00000000e0000000,0x00000000e0000000,0x00000000ebd00000)
  from space 17408K, 99% used [0x00000000ed180000,0x00000000ee2785e0,0x00000000ee280000)
  to   space 20992K, 0% used [0x00000000ebd00000,0x00000000ebd00000,0x00000000ed180000)
 ParOldGen       total 91648K, used 24993K [0x00000000a0000000, 0x00000000a5980000, 0x00000000e0000000)
  object space 91648K, 27% used [0x00000000a0000000,0x00000000a1868498,0x00000000a5980000)
 Metaspace       used 57274K, capacity 58862K, committed 59028K, reserved 1099776K
  class space    used 7798K, capacity 8200K, committed 8320K, reserved 1048576K
Event: 12.422 GC heap after
Heap after GC invocations=13 (full 3):
 PSYoungGen      total 210944K, used 0K [0x00000000e0000000, 0x00000000ee700000, 0x0000000100000000)
  eden space 193536K, 0% used [0x00000000e0000000,0x00000000e0000000,0x00000000ebd00000)
  from space 17408K, 0% used [0x00000000ed180000,0x00000000ed180000,0x00000000ee280000)
  to   space 20992K, 0% used [0x00000000ebd00000,0x00000000ebd00000,0x00000000ed180000)
 ParOldGen       total 140288K, used 34732K [0x00000000a0000000, 0x00000000a8900000, 0x00000000e0000000)
  object space 140288K, 24% used [0x00000000a0000000,0x00000000a21eb0c0,0x00000000a8900000)
 Metaspace       used 57231K, capacity 58734K, committed 59028K, reserved 1099776K
  class space    used 7785K, capacity 8176K, committed 8320K, reserved 1048576K
}
Event: 1453.126 GC heap before
{Heap before GC invocations=14 (full 3):
 PSYoungGen      total 210944K, used 193536K [0x00000000e0000000, 0x00000000ee700000, 0x0000000100000000)
  eden space 193536K, 100% used [0x00000000e0000000,0x00000000ebd00000,0x00000000ebd00000)
  from space 17408K, 0% used [0x00000000ed180000,0x00000000ed180000,0x00000000ee280000)
  to   space 20992K, 0% used [0x00000000ebd00000,0x00000000ebd00000,0x00000000ed180000)
 ParOldGen       total 140288K, used 34732K [0x00000000a0000000, 0x00000000a8900000, 0x00000000e0000000)
  object space 140288K, 24% used [0x00000000a0000000,0x00000000a21eb0c0,0x00000000a8900000)
 Metaspace       used 64186K, capacity 66224K, committed 66520K, reserved 1107968K
  class space    used 8397K, capacity 8886K, committed 8960K, reserved 1048576K
Event: 1453.257 GC heap after
Heap after GC invocations=14 (full 3):
 PSYoungGen      total 214528K, used 13254K [0x00000000e0000000, 0x00000000f0680000, 0x0000000100000000)
  eden space 193536K, 0% used [0x00000000e0000000,0x00000000e0000000,0x00000000ebd00000)
  from space 20992K, 63% used [0x00000000ebd00000,0x00000000ec9f1a88,0x00000000ed180000)
  to   space 20992K, 0% used [0x00000000ef200000,0x00000000ef200000,0x00000000f0680000)
 ParOldGen       total 140288K, used 34740K [0x00000000a0000000, 0x00000000a8900000, 0x00000000e0000000)
  object space 140288K, 24% used [0x00000000a0000000,0x00000000a21ed0c0,0x00000000a8900000)
 Metaspace       used 64186K, capacity 66224K, committed 66520K, reserved 1107968K
  class space    used 8397K, capacity 8886K, committed 8960K, reserved 1048576K
}

